<?xml version="1.0" encoding="UTF-8"?>
<!-- Generated by org.testng.reporters.JUnitXMLReporter -->
<testsuite ignored="0" hostname="DESKTOP-5B2A0L0" failures="0" tests="3" name="Test" time="241.473" errors="0" timestamp="2022-09-17T10:10:08 IST">
  <testcase classname="testcases.SimplelearnLoginTest" name="Test1" time="64.685"/>
  <testcase classname="testcases.SimplelearnLoginTest" name="Test2" time="36.245"/>
  <testcase classname="testcases.SimplelearnLoginTest" name="Test3" time="30.329"/>
</testsuite> <!-- Test -->
