<?xml version="1.0" encoding="UTF-8"?>
<!-- Generated by org.testng.reporters.JUnitXMLReporter -->
<testsuite ignored="0" hostname="DESKTOP-5B2A0L0" failures="0" tests="3" name="Test" time="190.48" errors="0" timestamp="2022-09-22T08:08:26 IST">
  <testcase classname="testcases.SimplelearnLoginTest" name="Test1" time="35.342"/>
  <testcase classname="testcases.SimplelearnLoginTest" name="Test2" time="28.241"/>
  <testcase classname="testcases.SimplelearnLoginTest" name="Test3" time="25.542"/>
</testsuite> <!-- Test -->
