<?xml version="1.0" encoding="UTF-8"?>
<!-- Generated by org.testng.reporters.JUnitXMLReporter -->
<testsuite ignored="0" hostname="DESKTOP-5B2A0L0" failures="0" tests="3" name="Test" time="114.176" errors="0" timestamp="2022-09-22T09:16:43 IST">
  <testcase classname="testcases.SimplelearnLoginTest" name="Test1" time="34.287"/>
  <testcase classname="testcases.SimplelearnLoginTest" name="Test2" time="19.889"/>
  <testcase classname="testcases.SimplelearnLoginTest" name="Test3" time="25.108"/>
</testsuite> <!-- Test -->
