<?xml version="1.0" encoding="UTF-8"?>
<testng-results ignored="0" total="3" passed="3" failed="0" skipped="0">
  <reporter-output>
  </reporter-output>
  <suite started-at="2022-09-22T09:14:49 IST" name="Suite" finished-at="2022-09-22T09:16:43 IST" duration-ms="114176">
    <groups>
    </groups>
    <test started-at="2022-09-22T09:14:49 IST" name="Test" finished-at="2022-09-22T09:16:43 IST" duration-ms="114176">
      <class name="testcases.SimplelearnLoginTest">
        <test-method is-config="true" signature="DataSetUp()[pri:0, instance:testcases.SimplelearnLoginTest@433d61fb]" started-at="2022-09-22T09:14:49 IST" name="DataSetUp" finished-at="2022-09-22T09:14:50 IST" duration-ms="1892" status="PASS">
          <reporter-output>
          </reporter-output>
        </test-method> <!-- DataSetUp -->
        <test-method is-config="true" signature="setup(java.lang.reflect.Method)[pri:0, instance:testcases.SimplelearnLoginTest@433d61fb]" started-at="2022-09-22T09:14:50 IST" name="setup" finished-at="2022-09-22T09:15:01 IST" duration-ms="10663" status="PASS">
          <params>
            <param index="0">
              <value>
                <![CDATA[public void testcases.SimplelearnLoginTest.Test1() throws java.lang.InterruptedException]]>
              </value>
            </param>
          </params>
          <reporter-output>
          </reporter-output>
        </test-method> <!-- setup -->
        <test-method signature="Test1()[pri:0, instance:testcases.SimplelearnLoginTest@433d61fb]" started-at="2022-09-22T09:15:01 IST" name="Test1" finished-at="2022-09-22T09:15:35 IST" duration-ms="34287" status="PASS">
          <reporter-output>
          </reporter-output>
        </test-method> <!-- Test1 -->
        <test-method is-config="true" signature="teardown()[pri:0, instance:testcases.SimplelearnLoginTest@433d61fb]" started-at="2022-09-22T09:15:35 IST" name="teardown" finished-at="2022-09-22T09:15:36 IST" duration-ms="308" status="PASS">
          <reporter-output>
          </reporter-output>
        </test-method> <!-- teardown -->
        <test-method is-config="true" signature="setup(java.lang.reflect.Method)[pri:0, instance:testcases.SimplelearnLoginTest@433d61fb]" started-at="2022-09-22T09:15:36 IST" name="setup" finished-at="2022-09-22T09:15:45 IST" duration-ms="9119" status="PASS">
          <params>
            <param index="0">
              <value>
                <![CDATA[public void testcases.SimplelearnLoginTest.Test2(java.lang.String,java.lang.String) throws java.lang.InterruptedException]]>
              </value>
            </param>
          </params>
          <reporter-output>
          </reporter-output>
        </test-method> <!-- setup -->
        <test-method signature="Test2(java.lang.String,java.lang.String)[pri:0, instance:testcases.SimplelearnLoginTest@433d61fb]" started-at="2022-09-22T09:15:45 IST" name="Test2" finished-at="2022-09-22T09:16:05 IST" duration-ms="19889" status="PASS">
          <params>
            <param index="0">
              <value>
                <![CDATA[kumarindian777@gmail.com]]>
              </value>
            </param>
            <param index="1">
              <value>
                <![CDATA[xyzzyz]]>
              </value>
            </param>
          </params>
          <reporter-output>
          </reporter-output>
        </test-method> <!-- Test2 -->
        <test-method is-config="true" signature="teardown()[pri:0, instance:testcases.SimplelearnLoginTest@433d61fb]" started-at="2022-09-22T09:16:05 IST" name="teardown" finished-at="2022-09-22T09:16:05 IST" duration-ms="636" status="PASS">
          <reporter-output>
          </reporter-output>
        </test-method> <!-- teardown -->
        <test-method is-config="true" signature="setup(java.lang.reflect.Method)[pri:0, instance:testcases.SimplelearnLoginTest@433d61fb]" started-at="2022-09-22T09:16:05 IST" name="setup" finished-at="2022-09-22T09:16:16 IST" duration-ms="10184" status="PASS">
          <params>
            <param index="0">
              <value>
                <![CDATA[public void testcases.SimplelearnLoginTest.Test3() throws java.lang.InterruptedException]]>
              </value>
            </param>
          </params>
          <reporter-output>
          </reporter-output>
        </test-method> <!-- setup -->
        <test-method signature="Test3()[pri:0, instance:testcases.SimplelearnLoginTest@433d61fb]" started-at="2022-09-22T09:16:16 IST" name="Test3" finished-at="2022-09-22T09:16:41 IST" duration-ms="25108" status="PASS">
          <reporter-output>
          </reporter-output>
        </test-method> <!-- Test3 -->
        <test-method is-config="true" signature="teardown()[pri:0, instance:testcases.SimplelearnLoginTest@433d61fb]" started-at="2022-09-22T09:16:41 IST" name="teardown" finished-at="2022-09-22T09:16:41 IST" duration-ms="340" status="PASS">
          <reporter-output>
          </reporter-output>
        </test-method> <!-- teardown -->
        <test-method is-config="true" signature="DataClean()[pri:0, instance:testcases.SimplelearnLoginTest@433d61fb]" started-at="2022-09-22T09:16:41 IST" name="DataClean" finished-at="2022-09-22T09:16:43 IST" duration-ms="1669" status="PASS">
          <reporter-output>
          </reporter-output>
        </test-method> <!-- DataClean -->
      </class> <!-- testcases.SimplelearnLoginTest -->
    </test> <!-- Test -->
  </suite> <!-- Suite -->
</testng-results>
