<?xml version="1.0" encoding="UTF-8"?>
<testng-results ignored="0" total="1" passed="1" failed="0" skipped="0">
  <reporter-output>
  </reporter-output>
  <suite started-at="2022-09-11T08:59:01 IST" name="Suite" finished-at="2022-09-11T09:00:07 IST" duration-ms="66153">
    <groups>
    </groups>
    <test started-at="2022-09-11T08:59:01 IST" name="Test" finished-at="2022-09-11T09:00:07 IST" duration-ms="66153">
      <class name="testcases.SimplelearnLoginTest">
        <test-method is-config="true" signature="setup()[pri:0, instance:testcases.SimplelearnLoginTest@14d3bc22]" started-at="2022-09-11T08:59:01 IST" name="setup" finished-at="2022-09-11T08:59:16 IST" duration-ms="15040" status="PASS">
          <reporter-output>
          </reporter-output>
        </test-method> <!-- setup -->
        <test-method signature="Test1()[pri:0, instance:testcases.SimplelearnLoginTest@14d3bc22]" started-at="2022-09-11T08:59:16 IST" name="Test1" finished-at="2022-09-11T09:00:07 IST" duration-ms="50650" status="PASS">
          <reporter-output>
          </reporter-output>
        </test-method> <!-- Test1 -->
        <test-method is-config="true" signature="teardown()[pri:0, instance:testcases.SimplelearnLoginTest@14d3bc22]" started-at="2022-09-11T09:00:07 IST" name="teardown" finished-at="2022-09-11T09:00:07 IST" duration-ms="340" status="PASS">
          <reporter-output>
          </reporter-output>
        </test-method> <!-- teardown -->
      </class> <!-- testcases.SimplelearnLoginTest -->
    </test> <!-- Test -->
  </suite> <!-- Suite -->
</testng-results>
