<?xml version="1.0" encoding="UTF-8"?>
<testng-results ignored="0" total="3" passed="3" failed="0" skipped="0">
  <reporter-output>
  </reporter-output>
  <suite started-at="2022-09-22T08:05:15 IST" name="Suite" finished-at="2022-09-22T08:08:26 IST" duration-ms="190480">
    <groups>
    </groups>
    <test started-at="2022-09-22T08:05:15 IST" name="Test" finished-at="2022-09-22T08:08:26 IST" duration-ms="190480">
      <class name="testcases.SimplelearnLoginTest">
        <test-method is-config="true" signature="DataSetUp()[pri:0, instance:testcases.SimplelearnLoginTest@f5ac9e4]" started-at="2022-09-22T08:05:15 IST" name="DataSetUp" finished-at="2022-09-22T08:05:17 IST" duration-ms="1960" status="PASS">
          <reporter-output>
          </reporter-output>
        </test-method> <!-- DataSetUp -->
        <test-method is-config="true" signature="setup(java.lang.reflect.Method)[pri:0, instance:testcases.SimplelearnLoginTest@f5ac9e4]" started-at="2022-09-22T08:05:17 IST" name="setup" finished-at="2022-09-22T08:05:46 IST" duration-ms="28822" status="PASS">
          <params>
            <param index="0">
              <value>
                <![CDATA[public void testcases.SimplelearnLoginTest.Test1() throws java.lang.InterruptedException]]>
              </value>
            </param>
          </params>
          <reporter-output>
          </reporter-output>
        </test-method> <!-- setup -->
        <test-method signature="Test1()[pri:0, instance:testcases.SimplelearnLoginTest@f5ac9e4]" started-at="2022-09-22T08:05:46 IST" name="Test1" finished-at="2022-09-22T08:06:22 IST" duration-ms="35342" status="PASS">
          <reporter-output>
          </reporter-output>
        </test-method> <!-- Test1 -->
        <test-method is-config="true" signature="teardown()[pri:0, instance:testcases.SimplelearnLoginTest@f5ac9e4]" started-at="2022-09-22T08:06:22 IST" name="teardown" finished-at="2022-09-22T08:06:56 IST" duration-ms="34178" status="PASS">
          <reporter-output>
          </reporter-output>
        </test-method> <!-- teardown -->
        <test-method is-config="true" signature="setup(java.lang.reflect.Method)[pri:0, instance:testcases.SimplelearnLoginTest@f5ac9e4]" started-at="2022-09-22T08:06:56 IST" name="setup" finished-at="2022-09-22T08:07:11 IST" duration-ms="15616" status="PASS">
          <params>
            <param index="0">
              <value>
                <![CDATA[public void testcases.SimplelearnLoginTest.Test2(java.lang.String,java.lang.String) throws java.lang.InterruptedException]]>
              </value>
            </param>
          </params>
          <reporter-output>
          </reporter-output>
        </test-method> <!-- setup -->
        <test-method signature="Test2(java.lang.String,java.lang.String)[pri:0, instance:testcases.SimplelearnLoginTest@f5ac9e4]" started-at="2022-09-22T08:07:11 IST" name="Test2" finished-at="2022-09-22T08:07:40 IST" duration-ms="28241" status="PASS">
          <params>
            <param index="0">
              <value>
                <![CDATA[kumarindian777@gmail.com]]>
              </value>
            </param>
            <param index="1">
              <value>
                <![CDATA[xyzzyz]]>
              </value>
            </param>
          </params>
          <reporter-output>
          </reporter-output>
        </test-method> <!-- Test2 -->
        <test-method is-config="true" signature="teardown()[pri:0, instance:testcases.SimplelearnLoginTest@f5ac9e4]" started-at="2022-09-22T08:07:40 IST" name="teardown" finished-at="2022-09-22T08:07:43 IST" duration-ms="2923" status="PASS">
          <reporter-output>
          </reporter-output>
        </test-method> <!-- teardown -->
        <test-method is-config="true" signature="setup(java.lang.reflect.Method)[pri:0, instance:testcases.SimplelearnLoginTest@f5ac9e4]" started-at="2022-09-22T08:07:43 IST" name="setup" finished-at="2022-09-22T08:07:55 IST" duration-ms="12835" status="PASS">
          <params>
            <param index="0">
              <value>
                <![CDATA[public void testcases.SimplelearnLoginTest.Test3() throws java.lang.InterruptedException]]>
              </value>
            </param>
          </params>
          <reporter-output>
          </reporter-output>
        </test-method> <!-- setup -->
        <test-method signature="Test3()[pri:0, instance:testcases.SimplelearnLoginTest@f5ac9e4]" started-at="2022-09-22T08:07:55 IST" name="Test3" finished-at="2022-09-22T08:08:21 IST" duration-ms="25542" status="PASS">
          <reporter-output>
          </reporter-output>
        </test-method> <!-- Test3 -->
        <test-method is-config="true" signature="teardown()[pri:0, instance:testcases.SimplelearnLoginTest@f5ac9e4]" started-at="2022-09-22T08:08:21 IST" name="teardown" finished-at="2022-09-22T08:08:22 IST" duration-ms="1494" status="PASS">
          <reporter-output>
          </reporter-output>
        </test-method> <!-- teardown -->
        <test-method is-config="true" signature="DataClean()[pri:0, instance:testcases.SimplelearnLoginTest@f5ac9e4]" started-at="2022-09-22T08:08:22 IST" name="DataClean" finished-at="2022-09-22T08:08:26 IST" duration-ms="3387" status="PASS">
          <reporter-output>
          </reporter-output>
        </test-method> <!-- DataClean -->
      </class> <!-- testcases.SimplelearnLoginTest -->
    </test> <!-- Test -->
  </suite> <!-- Suite -->
</testng-results>
